5 start 0 93 0
73 renice 0 0 0
6 lock 0 16 0
10 lock 0 18 1
18 lock 0 14 2
23 lock 0 2 3
25 lock 0 18 4
27 lock 0 6 5
29 lock 0 10 6
38 lock 0 3 7
47 lock 0 18 8
54 lock 0 8 9
15 start 1 53 0
5 lock 1 9 0
8 lock 1 4 1
11 lock 1 2 2
12 lock 1 6 3
14 lock 1 7 4
15 lock 1 4 5
27 start 2 18 2
1 lock 2 2 0
2 lock 2 4 1
46 start 3 57 1
2 lock 3 6 0
8 lock 3 11 1
9 lock 3 12 2
13 lock 3 6 3
14 lock 3 4 4
17 lock 3 7 5
48 start 4 20 2
2 lock 4 4 0
4 lock 4 1 1
54 start 5 22 2
1 lock 5 5 0
3 lock 5 1 1
4 lock 5 1 2
61 start 6 133 0
5 lock 6 6 0
11 lock 6 12 1
17 lock 6 6 2
23 lock 6 13 3
26 lock 6 5 4
38 lock 6 18 5
45 lock 6 25 6
49 lock 6 22 7
61 lock 6 7 8
68 lock 6 6 9
75 lock 6 2 10
76 lock 6 15 11
84 lock 6 10 12
89 lock 6 26 13
70 start 7 117 0
1 lock 7 3 0
11 lock 7 6 1
20 lock 7 1 2
28 lock 7 12 3
31 lock 7 6 4
35 lock 7 24 5
45 lock 7 18 6
52 lock 7 22 7
59 lock 7 4 8
69 lock 7 18 9
79 lock 7 16 10
87 lock 7 7 11
80 start 8 33 1
2 lock 8 7 0
3 lock 8 5 1
4 lock 8 1 2
5 lock 8 7 3
98 start 9 61 0
1 lock 9 1 0
6 lock 9 7 1
8 lock 9 11 2
11 lock 9 10 3
13 lock 9 6 4
17 lock 9 5 5
23 lock 9 4 6
106 start 10 117 0
1 lock 10 20 0
4 lock 10 24 1
6 lock 10 8 2
10 lock 10 6 3
19 lock 10 22 4
20 lock 10 18 5
26 lock 10 14 6
28 lock 10 10 7
30 lock 10 20 8
31 lock 10 2 9
34 lock 10 22 10
36 lock 10 16 11
117 start 11 117 0
8 lock 11 19 0
9 lock 11 21 1
19 lock 11 15 2
31 lock 11 15 3
43 lock 11 2 4
46 lock 11 10 5
54 lock 11 3 6
64 lock 11 14 7
74 lock 11 5 8
83 lock 11 22 9
91 lock 11 12 10
94 lock 11 12 11
127 start 12 36 2
2 lock 12 1 0
6 lock 12 6 1
8 lock 12 7 2
10 lock 12 1 3
138 start 13 69 1
2 lock 13 10 0
8 lock 13 6 1
12 lock 13 5 2
17 lock 13 4 3
18 lock 13 8 4
20 lock 13 5 5
26 lock 13 11 6
148 start 14 149 0
1 lock 14 5 0
16 lock 14 6 1
18 lock 14 26 2
27 lock 14 19 3
38 lock 14 15 4
41 lock 14 14 5
42 lock 14 20 6
43 lock 14 24 7
44 lock 14 14 8
59 lock 14 8 9
73 lock 14 18 10
75 lock 14 16 11
78 lock 14 4 12
86 lock 14 2 13
94 lock 14 2 14
159 start 15 25 2
7 renice 15 0 2
2 lock 15 2 0
4 lock 15 1 1
5 lock 15 1 2
161 start 16 157 0
12 lock 16 1 0
27 lock 16 21 1
38 lock 16 7 2
48 lock 16 18 3
56 lock 16 5 4
68 lock 16 32 5
69 lock 16 12 6
76 lock 16 8 7
86 lock 16 9 8
89 lock 16 10 9
95 lock 16 5 10
107 lock 16 29 11
113 lock 16 3 12
119 lock 16 2 13
130 lock 16 13 14
140 lock 16 26 15
162 start 17 21 1
2 lock 17 4 0
3 lock 17 2 1
5 lock 17 3 2
174 start 18 26 2
2 renice 18 0 2
1 lock 18 4 0
3 lock 18 2 1
4 lock 18 5 2
186 start 19 85 0
9 lock 19 1 0
16 lock 19 16 1
20 lock 19 16 2
23 lock 19 15 3
31 lock 19 15 4
36 lock 19 8 5
40 lock 19 3 6
42 lock 19 11 7
49 lock 19 9 8
204 start 20 47 1
44 renice 20 0 1
1 lock 20 7 0
5 lock 20 2 1
6 lock 20 2 2
9 lock 20 6 3
13 lock 20 2 4
208 start 21 24 2
7 renice 21 0 2
1 lock 21 3 0
3 lock 21 5 1
4 lock 21 3 2
213 start 22 17 2
1 lock 22 3 0
2 lock 22 2 1
222 start 23 29 2
1 lock 23 1 0
2 lock 23 3 1
3 lock 23 6 2
231 start 24 85 0
31 renice 24 0 0
9 lock 24 17 0
15 lock 24 4 1
20 lock 24 8 2
26 lock 24 1 3
30 lock 24 9 4
38 lock 24 8 5
40 lock 24 14 6
49 lock 24 3 7
50 lock 24 13 8
236 start 25 35 1
2 lock 25 4 0
3 lock 25 7 1
4 lock 25 2 2
7 lock 25 2 3
236 start 26 73 1
6 lock 26 13 0
7 lock 26 7 1
12 lock 26 6 2
19 lock 26 3 3
21 lock 26 6 4
26 lock 26 5 5
30 lock 26 9 6
34 lock 26 13 7
255 start 27 57 0
27 renice 27 0 0
1 lock 27 11 0
3 lock 27 5 1
5 lock 27 8 2
6 lock 27 9 3
8 lock 27 3 4
11 lock 27 10 5
272 start 28 31 1
1 lock 28 1 0
4 lock 28 3 1
5 lock 28 5 2
6 lock 28 2 3
288 start 29 18 2
2 lock 29 2 0
4 lock 29 1 1
304 start 30 13 2
1 lock 30 1 0
2 lock 30 2 1
318 start 31 145 0
4 lock 31 10 0
6 lock 31 6 1
8 lock 31 28 2
23 lock 31 15 3
36 lock 31 11 4
40 lock 31 9 5
48 lock 31 8 6
61 lock 31 8 7
64 lock 31 12 8
75 lock 31 26 9
77 lock 31 29 10
84 lock 31 11 11
95 lock 31 12 12
98 lock 31 28 13
99 lock 31 5 14
319 start 32 29 1
2 lock 32 6 0
5 lock 32 4 1
8 lock 32 5 2
336 start 33 33 1
1 lock 33 6 0
2 lock 33 4 1
6 lock 33 5 2
9 lock 33 3 3
353 start 34 35 2
3 lock 34 1 0
4 lock 34 7 1
8 lock 34 2 2
10 lock 34 7 3
360 start 35 28 2
2 lock 35 4 0
3 lock 35 3 1
5 lock 35 4 2
370 start 36 37 1
2 lock 36 3 0
4 lock 36 1 1
7 lock 36 5 2
10 lock 36 7 3
370 start 37 19 2
5 renice 37 0 2
2 lock 37 1 0
4 lock 37 2 1
379 start 38 61 1
31 renice 38 0 1
4 lock 38 1 0
5 lock 38 6 1
7 lock 38 2 2
11 lock 38 1 3
16 lock 38 12 4
18 lock 38 5 5
20 lock 38 5 6
387 start 39 22 2
1 lock 39 4 0
3 lock 39 4 1
4 lock 39 4 2
391 start 40 153 0
15 lock 40 17 0
16 lock 40 30 1
26 lock 40 5 2
41 lock 40 21 3
53 lock 40 23 4
63 lock 40 4 5
75 lock 40 8 6
79 lock 40 21 7
88 lock 40 16 8
90 lock 40 23 9
96 lock 40 19 10
100 lock 40 12 11
110 lock 40 7 12
121 lock 40 8 13
122 lock 40 3 14
124 lock 40 29 15
407 start 41 40 2
15 renice 41 0 2
2 lock 41 8 0
3 lock 41 7 1
4 lock 41 7 2
7 lock 41 3 3
410 start 42 109 0
71 renice 42 0 0
3 lock 42 9 0
13 lock 42 13 1
15 lock 42 12 2
26 lock 42 2 3
30 lock 42 17 4
35 lock 42 18 5
37 lock 42 4 6
47 lock 42 13 7
55 lock 42 18 8
60 lock 42 1 9
66 lock 42 5 10
418 start 43 34 2
6 renice 43 0 2
4 lock 43 4 0
5 lock 43 6 1
6 lock 43 4 2
10 lock 43 1 3
418 start 44 67 1
3 lock 44 13 0
4 lock 44 8 1
5 lock 44 13 2
6 lock 44 6 3
11 lock 44 10 4
12 lock 44 12 5
14 lock 44 9 6
420 start 45 32 2
1 lock 45 6 0
2 lock 45 3 1
5 lock 45 2 2
8 lock 45 6 3
435 start 46 49 1
4 lock 46 8 0
8 lock 46 3 1
10 lock 46 3 2
13 lock 46 8 3
16 lock 46 1 4
446 start 47 69 1
18 renice 47 0 1
7 lock 47 3 0
11 lock 47 6 1
15 lock 47 3 2
16 lock 47 5 3
17 lock 47 1 4
22 lock 47 11 5
25 lock 47 4 6
451 start 48 85 0
3 lock 48 6 0
9 lock 48 13 1
17 lock 48 16 2
20 lock 48 9 3
27 lock 48 10 4
36 lock 48 3 5
43 lock 48 5 6
47 lock 48 6 7
51 lock 48 15 8
456 start 49 45 1
1 lock 49 6 0
4 lock 49 7 1
9 lock 49 5 2
10 lock 49 7 3
11 lock 49 7 4
464 start 50 53 0
4 lock 50 8 0
10 lock 50 8 1
12 lock 50 2 2
15 lock 50 7 3
18 lock 50 6 4
20 lock 50 2 5
473 start 51 105 0
8 lock 51 20 0
17 lock 51 12 1
25 lock 51 17 2
31 lock 51 12 3
39 lock 51 15 4
44 lock 51 12 5
54 lock 51 2 6
60 lock 51 14 7
67 lock 51 10 8
73 lock 51 18 9
81 lock 51 14 10
473 start 52 109 0
39 renice 52 0 0
7 lock 52 10 0
16 lock 52 9 1
22 lock 52 6 2
27 lock 52 15 3
30 lock 52 13 4
40 lock 52 15 5
47 lock 52 18 6
58 lock 52 19 7
69 lock 52 11 8
75 lock 52 19 9
83 lock 52 21 10
492 start 53 113 0
30 renice 53 0 0
11 lock 53 21 0
20 lock 53 13 1
23 lock 53 21 2
24 lock 53 16 3
27 lock 53 2 4
37 lock 53 17 5
48 lock 53 12 6
56 lock 53 20 7
62 lock 53 9 8
71 lock 53 15 9
76 lock 53 3 10
81 lock 53 11 11
507 start 54 20 2
2 lock 54 4 0
3 lock 54 1 1
515 start 55 45 0
3 lock 55 8 0
4 lock 55 7 1
8 lock 55 7 2
9 lock 55 2 3
10 lock 55 1 4
516 start 56 22 2
1 lock 56 1 0
3 lock 56 4 1
6 lock 56 2 2
527 start 57 55 1
3 lock 57 6 0
6 lock 57 4 1
11 lock 57 3 2
13 lock 57 2 3
17 lock 57 10 4
21 lock 57 8 5
544 start 58 153 0
8 lock 58 18 0
20 lock 58 6 1
24 lock 58 31 2
26 lock 58 27 3
32 lock 58 1 4
34 lock 58 7 5
42 lock 58 26 6
50 lock 58 29 7
51 lock 58 28 8
65 lock 58 23 9
69 lock 58 5 10
74 lock 58 19 11
79 lock 58 9 12
90 lock 58 28 13
105 lock 58 4 14
109 lock 58 14 15
555 start 59 27 2
10 renice 59 0 2
2 lock 59 3 0
5 lock 59 1 1
6 lock 59 2 2
562 start 60 35 2
24 renice 60 0 2
4 lock 60 1 0
6 lock 60 3 1
10 lock 60 1 2
13 lock 60 5 3
564 start 61 21 1
1 lock 61 4 0
3 lock 61 3 1
4 lock 61 4 2
567 start 62 16 2
1 lock 62 3 0
2 lock 62 2 1
572 start 63 57 0
39 renice 63 0 0
4 lock 63 4 0
6 lock 63 7 1
7 lock 63 3 2
12 lock 63 5 3
16 lock 63 8 4
21 lock 63 8 5
587 start 64 53 0
5 lock 64 5 0
10 lock 64 3 1
11 lock 64 8 2
15 lock 64 11 3
17 lock 64 6 4
22 lock 64 2 5
592 start 65 40 2
2 lock 65 1 0
4 lock 65 3 1
7 lock 65 6 2
11 lock 65 3 3
604 start 66 35 1
3 lock 66 3 0
6 lock 66 6 1
10 lock 66 4 2
11 lock 66 4 3
606 start 67 45 0
3 lock 67 8 0
5 lock 67 5 1
9 lock 67 9 2
12 lock 67 2 3
13 lock 67 2 4
625 start 68 26 2
2 lock 68 2 0
3 lock 68 3 1
6 lock 68 3 2
634 start 69 35 2
3 lock 69 4 0
4 lock 69 5 1
5 lock 69 2 2
9 lock 69 2 3
645 start 70 29 1
2 lock 70 5 0
5 lock 70 4 1
7 lock 70 2 2
648 start 71 29 2
3 lock 71 5 0
4 lock 71 2 1
5 lock 71 6 2
652 start 72 113 0
7 lock 72 9 0
9 lock 72 13 1
16 lock 72 8 2
19 lock 72 18 3
26 lock 72 21 4
31 lock 72 5 5
36 lock 72 9 6
45 lock 72 7 7
54 lock 72 15 8
59 lock 72 19 9
65 lock 72 21 10
76 lock 72 15 11
652 start 73 113 0
11 lock 73 4 0
22 lock 73 17 1
30 lock 73 19 2
37 lock 73 22 3
48 lock 73 11 4
50 lock 73 11 5
57 lock 73 14 6
68 lock 73 4 7
78 lock 73 5 8
84 lock 73 4 9
89 lock 73 6 10
99 lock 73 12 11
662 start 74 24 2
1 lock 74 3 0
3 lock 74 5 1
5 lock 74 2 2
678 start 75 35 1
4 lock 75 4 0
8 lock 75 2 1
11 lock 75 3 2
13 lock 75 6 3
686 start 76 125 0
1 lock 76 15 0
11 lock 76 18 1
17 lock 76 6 2
19 lock 76 7 3
26 lock 76 19 4
38 lock 76 8 5
43 lock 76 24 6
47 lock 76 22 7
48 lock 76 19 8
56 lock 76 7 9
67 lock 76 6 10
76 lock 76 11 11
82 lock 76 22 12
704 start 77 73 1
16 renice 77 0 1
7 lock 77 2 0
9 lock 77 10 1
13 lock 77 3 2
15 lock 77 7 3
19 lock 77 10 4
21 lock 77 5 5
22 lock 77 9 6
29 lock 77 6 7
713 start 78 49 1
3 lock 78 10 0
5 lock 78 3 1
8 lock 78 6 2
12 lock 78 9 3
16 lock 78 1 4
726 start 79 55 1
5 lock 79 1 0
11 lock 79 5 1
12 lock 79 7 2
16 lock 79 7 3
21 lock 79 2 4
23 lock 79 2 5
729 start 80 26 2
2 lock 80 2 0
4 lock 80 4 1
7 lock 80 2 2
734 start 81 85 0
8 lock 81 10 0
11 lock 81 11 1
19 lock 81 2 2
28 lock 81 11 3
32 lock 81 2 4
41 lock 81 1 5
49 lock 81 2 6
52 lock 81 12 7
53 lock 81 6 8
747 start 82 14 2
2 renice 82 0 2
2 lock 82 3 0
3 lock 82 3 1
749 start 83 105 0
9 lock 83 19 0
18 lock 83 13 1
21 lock 83 8 2
24 lock 83 12 3
27 lock 83 17 4
34 lock 83 20 5
38 lock 83 18 6
42 lock 83 4 7
43 lock 83 13 8
54 lock 83 12 9
61 lock 83 5 10
767 start 84 41 1
3 lock 84 4 0
4 lock 84 7 1
6 lock 84 2 2
10 lock 84 7 3
12 lock 84 3 4
773 start 85 71 1
1 lock 85 8 0
6 lock 85 4 1
10 lock 85 5 2
16 lock 85 11 3
22 lock 85 5 4
29 lock 85 15 5
32 lock 85 12 6
37 lock 85 14 7
776 start 86 153 0
11 lock 86 17 0
23 lock 86 2 1
29 lock 86 21 2
38 lock 86 25 3
53 lock 86 13 4
59 lock 86 23 5
73 lock 86 3 6
83 lock 86 2 7
84 lock 86 29 8
85 lock 86 11 9
89 lock 86 2 10
101 lock 86 23 11
112 lock 86 11 12
123 lock 86 31 13
128 lock 86 14 14
134 lock 86 22 15
781 start 87 109 0
5 lock 87 10 0
15 lock 87 21 1
24 lock 87 16 2
33 lock 87 16 3
35 lock 87 12 4
36 lock 87 10 5
41 lock 87 6 6
49 lock 87 22 7
55 lock 87 10 8
64 lock 87 12 9
71 lock 87 3 10
785 start 88 13 2
1 lock 88 3 0
3 lock 88 2 1
790 start 89 18 2
2 lock 89 1 0
3 lock 89 2 1
795 start 90 13 2
2 lock 90 3 0
3 lock 90 1 1
803 start 91 37 2
3 lock 91 2 0
4 lock 91 4 1
6 lock 91 2 2
10 lock 91 5 3
808 start 92 133 0
33 renice 92 0 0
8 lock 92 6 0
18 lock 92 19 1
32 lock 92 27 2
44 lock 92 16 3
51 lock 92 17 4
55 lock 92 18 5
58 lock 92 15 6
69 lock 92 11 7
75 lock 92 7 8
76 lock 92 2 9
79 lock 92 17 10
83 lock 92 25 11
92 lock 92 13 12
101 lock 92 10 13
816 start 93 21 2
2 lock 93 3 0
4 lock 93 3 1
5 lock 93 2 2
819 start 94 29 2
1 lock 94 6 0
4 lock 94 2 1
7 lock 94 3 2
837 start 95 141 0
11 lock 95 6 0
12 lock 95 22 1
23 lock 95 21 2
26 lock 95 23 3
28 lock 95 1 4
38 lock 95 21 5
50 lock 95 16 6
51 lock 95 13 7
52 lock 95 29 8
60 lock 95 22 9
71 lock 95 25 10
78 lock 95 12 11
82 lock 95 1 12
95 lock 95 11 13
98 lock 95 9 14
839 start 96 117 0
1 lock 96 6 0
11 lock 96 5 1
13 lock 96 18 2
22 lock 96 9 3
28 lock 96 14 4
29 lock 96 7 5
35 lock 96 6 6
42 lock 96 3 7
53 lock 96 13 8
65 lock 96 7 9
67 lock 96 11 10
73 lock 96 17 11
844 start 97 121 0
9 lock 97 12 0
15 lock 97 20 1
26 lock 97 1 2
27 lock 97 14 3
33 lock 97 4 4
36 lock 97 1 5
46 lock 97 1 6
58 lock 97 21 7
65 lock 97 4 8
67 lock 97 1 9
75 lock 97 18 10
80 lock 97 19 11
82 lock 97 7 12
853 start 98 36 2
1 lock 98 2 0
3 lock 98 5 1
6 lock 98 6 2
9 lock 98 6 3
863 start 99 21 1
1 lock 99 1 0
3 lock 99 4 1
4 lock 99 3 2
