8 start 0 137 0
11 lock 0 2 0
13 lock 0 16 1
20 lock 0 2 2
29 lock 0 4 3
31 lock 0 2 4
45 lock 0 28 5
55 lock 0 22 6
65 lock 0 11 7
66 lock 0 27 8
73 lock 0 13 9
86 lock 0 11 10
89 lock 0 20 11
94 lock 0 16 12
101 lock 0 16 13
10 start 1 39 2
3 lock 1 3 0
7 lock 1 7 1
8 lock 1 8 2
9 lock 1 7 3
29 start 2 77 1
66 renice 2 0 1
4 lock 2 12 0
10 lock 2 2 1
14 lock 2 10 2
19 lock 2 13 3
27 lock 2 8 4
32 lock 2 8 5
38 lock 2 12 6
39 lock 2 15 7
42 start 3 75 1
51 renice 3 0 1
3 lock 3 9 0
7 lock 3 13 1
8 lock 3 6 2
12 lock 3 1 3
16 lock 3 12 4
18 lock 3 8 5
19 lock 3 9 6
20 lock 3 1 7
47 start 4 29 1
2 lock 4 2 0
3 lock 4 4 1
6 lock 4 4 2
58 start 5 23 1
1 lock 5 2 0
3 lock 5 1 1
5 lock 5 1 2
73 start 6 12 2
1 lock 6 1 0
2 lock 6 3 1
78 start 7 40 2
4 lock 7 5 0
5 lock 7 6 1
7 lock 7 2 2
10 lock 7 2 3
80 start 8 13 2
2 lock 8 2 0
3 lock 8 3 1
87 start 9 81 0
54 renice 9 0 0
3 lock 9 2 0
10 lock 9 8 1
13 lock 9 2 2
19 lock 9 17 3
23 lock 9 9 4
31 lock 9 9 5
37 lock 9 5 6
38 lock 9 8 7
43 lock 9 5 8
