16 start 0 8765 1
388 lock 0 251 0
777 lock 0 995 1
1422 lock 0 1328 2
1622 lock 0 624 3
1676 lock 0 1249 4
2016 lock 0 1465 5
2704 lock 0 1502 6
2730 lock 0 918 7
3583 lock 0 676 8
3736 lock 0 1300 9
3844 lock 0 336 10
4203 lock 0 1186 11
4950 lock 0 63 12
5514 lock 0 1253 13
6077 lock 0 1338 14
6443 lock 0 1568 15
7299 lock 0 93 16
7732 lock 0 1746 17
7870 lock 0 1054 18
8636 lock 0 1356 19
31 start 1 4743 1
4062 renice 1 0 1
449 lock 1 278 0
791 lock 1 331 1
1152 lock 1 146 2
1426 lock 1 443 3
1763 lock 1 274 4
1942 lock 1 254 5
2402 lock 1 854 6
2653 lock 1 87 7
2715 lock 1 189 8
3186 lock 1 372 9
3577 lock 1 661 10
3803 lock 1 47 11
3906 lock 1 932 12
4341 lock 1 610 13
4384 lock 1 820 14
4511 lock 1 250 15
4529 lock 1 819 16
45 start 2 6649 1
534 lock 2 1272 0
1140 lock 2 1128 1
1174 lock 2 1243 2
1286 lock 2 230 3
1618 lock 2 867 4
1786 lock 2 11 5
2395 lock 2 656 6
3040 lock 2 948 7
3183 lock 2 696 8
3249 lock 2 709 9
3604 lock 2 663 10
4202 lock 2 778 11
4728 lock 2 745 12
5191 lock 2 1148 13
5313 lock 2 74 14
5895 lock 2 886 15
6158 lock 2 129 16
6605 lock 2 295 17
51 start 3 14993 1
1069 lock 3 909 0
2081 lock 3 2096 1
2872 lock 3 926 2
3154 lock 3 2713 3
3356 lock 3 1895 4
3912 lock 3 1031 5
4525 lock 3 127 6
4645 lock 3 2873 7
4934 lock 3 1364 8
5106 lock 3 280 9
6473 lock 3 2573 10
7550 lock 3 1930 11
8704 lock 3 2145 12
9476 lock 3 2310 13
10738 lock 3 188 14
11882 lock 3 2009 15
12180 lock 3 2844 16
13522 lock 3 1394 17
14211 lock 3 542 18
14261 lock 3 2456 19
51 start 4 1247 1
55 lock 4 112 0
132 lock 4 177 1
208 lock 4 199 2
292 lock 4 59 3
296 lock 4 14 4
331 lock 4 1 5
380 lock 4 155 6
469 lock 4 196 7
541 lock 4 218 8
631 lock 4 133 9
685 lock 4 3 10
791 lock 4 121 11
871 lock 4 26 12
965 lock 4 39 13
1041 lock 4 180 14
1114 lock 4 132 15
1163 lock 4 170 16
1237 lock 4 173 17
56 start 5 17161 0
1511 lock 5 2602 0
2508 lock 5 286 1
2618 lock 5 814 2
3293 lock 5 3007 3
4577 lock 5 2948 4
5195 lock 5 2422 5
6178 lock 5 297 6
7425 lock 5 1062 7
8746 lock 5 970 8
10206 lock 5 1560 9
11278 lock 5 1823 10
12073 lock 5 789 11
12282 lock 5 3327 12
13654 lock 5 2722 13
14148 lock 5 1098 14
14371 lock 5 211 15
14703 lock 5 1389 16
15717 lock 5 834 17
16146 lock 5 3391 18
16216 lock 5 1782 19
67 start 6 187 2
132 renice 6 0 2
3 lock 6 7 0
6 lock 6 20 1
9 lock 6 25 2
21 lock 6 22 3
30 lock 6 8 4
40 lock 6 21 5
42 lock 6 24 6
56 lock 6 1 7
57 lock 6 9 8
60 lock 6 31 9
73 lock 6 1 10
85 lock 6 19 11
104 lock 6 1 12
110 lock 6 34 13
117 lock 6 9 14
118 lock 6 22 15
126 lock 6 31 16
129 lock 6 9 17
133 lock 6 20 18
80 start 7 6741 2
521 lock 7 1164 0
1127 lock 7 496 1
1725 lock 7 941 2
2108 lock 7 513 3
2765 lock 7 387 4
2846 lock 7 450 5
3364 lock 7 105 6
3787 lock 7 611 7
4296 lock 7 227 8
4854 lock 7 351 9
5511 lock 7 1052 10
5706 lock 7 1271 11
5837 lock 7 280 12
5904 lock 7 386 13
6392 lock 7 1244 14
6413 lock 7 1029 15
6453 lock 7 863 16
6629 lock 7 1087 17
99 start 8 745 1
4 lock 8 38 0
64 lock 8 50 1
138 lock 8 44 2
160 lock 8 9 3
188 lock 8 96 4
198 lock 8 1 5
235 lock 8 97 6
273 lock 8 116 7
286 lock 8 119 8
351 lock 8 48 9
366 lock 8 29 10
439 lock 8 68 11
482 lock 8 73 12
507 lock 8 34 13
570 lock 8 82 14
625 lock 8 131 15
677 lock 8 119 16
736 lock 8 131 17
106 start 9 18073 1
137 lock 9 857 0
257 lock 9 1190 1
316 lock 9 568 2
1650 lock 9 1078 3
1999 lock 9 142 4
3100 lock 9 896 5
4329 lock 9 597 6
5487 lock 9 3574 7
6053 lock 9 300 8
7411 lock 9 2494 9
8056 lock 9 2188 10
9184 lock 9 693 11
9384 lock 9 1551 12
10116 lock 9 2242 13
11203 lock 9 2831 14
12050 lock 9 999 15
12554 lock 9 1046 16
13814 lock 9 3515 17
14327 lock 9 1485 18
15127 lock 9 3098 19
16744 lock 9 258 20
18020 lock 9 3346 21
